TN:
SF:server.js
FN:29,initApp
FN:55,(anonymous_1)
FN:57,(anonymous_2)
FNF:3
FNH:1
FNDA:1,initApp
FNDA:0,(anonymous_1)
FNDA:0,(anonymous_2)
DA:1,1
DA:2,1
DA:3,1
DA:4,1
DA:5,1
DA:6,1
DA:9,1
DA:10,1
DA:11,1
DA:12,1
DA:13,1
DA:15,1
DA:16,1
DA:21,1
DA:22,1
DA:23,1
DA:24,1
DA:26,1
DA:27,1
DA:30,1
DA:31,1
DA:34,1
DA:35,1
DA:36,1
DA:37,1
DA:38,1
DA:39,1
DA:42,1
DA:43,1
DA:44,1
DA:45,1
DA:48,1
DA:49,0
DA:54,1
DA:55,0
DA:56,0
DA:57,0
DA:58,0
DA:63,1
LF:39
LH:34
BRDA:29,0,0,0
BRDA:48,1,0,0
BRDA:48,1,1,1
BRDA:54,2,0,0
BRDA:54,2,1,1
BRF:5
BRH:2
end_of_record
TN:
SF:socket.js
FN:1,connect
FN:2,(anonymous_1)
FN:6,(anonymous_2)
FN:12,(anonymous_3)
FN:18,(anonymous_4)
FN:29,(anonymous_5)
FN:39,(anonymous_6)
FN:45,(anonymous_7)
FNF:8
FNH:0
FNDA:0,connect
FNDA:0,(anonymous_1)
FNDA:0,(anonymous_2)
FNDA:0,(anonymous_3)
FNDA:0,(anonymous_4)
FNDA:0,(anonymous_5)
FNDA:0,(anonymous_6)
FNDA:0,(anonymous_7)
DA:2,0
DA:3,0
DA:6,0
DA:7,0
DA:8,0
DA:12,0
DA:13,0
DA:14,0
DA:18,0
DA:19,0
DA:20,0
DA:22,0
DA:23,0
DA:25,0
DA:29,0
DA:30,0
DA:32,0
DA:33,0
DA:35,0
DA:39,0
DA:40,0
DA:41,0
DA:45,0
DA:46,0
DA:47,0
DA:52,1
LF:26
LH:1
BRDA:23,0,0,0
BRDA:23,0,1,0
BRDA:33,1,0,0
BRDA:33,1,1,0
BRF:4
BRH:0
end_of_record
TN:
SF:integrationTest\test.js
FN:5,(anonymous_0)
FN:6,(anonymous_1)
FN:10,(anonymous_2)
FN:14,(anonymous_3)
FN:15,(anonymous_4)
FN:24,(anonymous_5)
FNF:6
FNH:6
FNDA:1,(anonymous_0)
FNDA:1,(anonymous_1)
FNDA:1,(anonymous_2)
FNDA:1,(anonymous_3)
FNDA:1,(anonymous_4)
FNDA:1,(anonymous_5)
DA:1,1
DA:2,1
DA:3,1
DA:5,1
DA:6,1
DA:7,1
DA:10,1
DA:11,1
DA:14,1
DA:15,1
DA:16,1
DA:20,1
DA:21,1
DA:24,1
DA:25,1
DA:29,1
DA:30,1
LF:17
LH:17
BRF:0
BRH:0
end_of_record
TN:
SF:models\Banned.js
FN:2,(anonymous_0)
FNF:1
FNH:0
FNDA:0,(anonymous_0)
DA:3,0
DA:4,0
DA:8,1
LF:3
LH:1
BRDA:2,0,0,0
BRF:1
BRH:0
end_of_record
TN:
SF:models\Channel.js
FN:4,(anonymous_0)
FN:10,(anonymous_1)
FNF:2
FNH:0
FNDA:0,(anonymous_0)
FNDA:0,(anonymous_1)
DA:1,1
DA:5,0
DA:6,0
DA:7,0
DA:11,0
DA:15,1
LF:6
LH:2
BRDA:4,0,0,0
BRF:1
BRH:0
end_of_record
TN:
SF:models\ChatUsers.js
FN:2,(anonymous_0)
FNF:1
FNH:1
FNDA:5,(anonymous_0)
DA:3,5
DA:4,5
DA:5,5
DA:6,5
DA:7,5
DA:8,5
DA:9,5
DA:13,1
DA:28,1
LF:9
LH:9
BRDA:2,0,0,0
BRDA:2,1,0,0
BRF:2
BRH:0
end_of_record
TN:
SF:models\Groups.js
FN:4,(anonymous_0)
FNF:1
FNH:0
FNDA:0,(anonymous_0)
DA:1,1
DA:5,0
DA:6,0
DA:7,0
DA:8,0
DA:9,0
DA:13,1
LF:7
LH:2
BRDA:4,0,0,0
BRDA:4,1,0,0
BRDA:4,2,0,0
BRF:3
BRH:0
end_of_record
TN:
SF:models\JoinRequest.js
FN:2,(anonymous_0)
FNF:1
FNH:0
FNDA:0,(anonymous_0)
DA:3,0
DA:4,0
DA:5,0
DA:6,0
DA:7,0
DA:11,1
LF:6
LH:1
BRDA:2,0,0,0
BRF:1
BRH:0
end_of_record
TN:
SF:models\Messages.js
FN:2,(anonymous_0)
FNF:1
FNH:0
FNDA:0,(anonymous_0)
DA:3,0
DA:4,0
DA:5,0
DA:6,0
DA:10,1
LF:5
LH:1
BRF:0
BRH:0
end_of_record
TN:
SF:models\jsonHelper.js
FN:4,readJSON
FN:10,writeJSON
FNF:2
FNH:0
FNDA:0,readJSON
FNDA:0,writeJSON
DA:1,1
DA:2,1
DA:5,0
DA:6,0
DA:7,0
DA:11,0
DA:12,0
DA:15,1
LF:8
LH:3
BRF:0
BRH:0
end_of_record
TN:
SF:routes\channelRoute.js
FN:3,route
FN:6,(anonymous_1)
FN:22,(anonymous_2)
FNF:3
FNH:1
FNDA:1,route
FNDA:0,(anonymous_1)
FNDA:0,(anonymous_2)
DA:1,1
DA:6,1
DA:7,0
DA:9,0
DA:11,0
DA:12,0
DA:14,0
DA:15,0
DA:17,0
DA:22,1
DA:23,0
DA:24,0
DA:26,0
DA:28,0
DA:30,0
DA:31,0
DA:32,0
DA:34,0
DA:39,1
LF:19
LH:4
BRDA:14,0,0,0
BRDA:14,0,1,0
BRDA:30,1,0,0
BRDA:30,1,1,0
BRF:4
BRH:0
end_of_record
TN:
SF:routes\groupRoute.js
FN:6,(anonymous_0)
FN:9,(anonymous_1)
FN:18,route
FN:22,(anonymous_3)
FN:30,(anonymous_4)
FN:47,(anonymous_5)
FN:54,(anonymous_6)
FN:66,(anonymous_7)
FNF:8
FNH:1
FNDA:0,(anonymous_0)
FNDA:0,(anonymous_1)
FNDA:1,route
FNDA:0,(anonymous_3)
FNDA:0,(anonymous_4)
FNDA:0,(anonymous_5)
FNDA:0,(anonymous_6)
FNDA:0,(anonymous_7)
DA:1,1
DA:2,1
DA:3,1
DA:5,1
DA:7,0
DA:10,0
DA:11,0
DA:15,1
DA:22,1
DA:23,0
DA:24,0
DA:25,0
DA:26,0
DA:29,0
DA:30,0
DA:31,0
DA:33,0
DA:37,0
DA:39,0
DA:40,0
DA:42,0
DA:47,1
DA:48,0
DA:49,0
DA:51,0
DA:53,0
DA:54,0
DA:55,0
DA:57,0
DA:62,0
DA:66,1
DA:67,0
DA:68,0
DA:69,0
DA:70,0
DA:71,0
DA:72,0
DA:73,0
DA:75,0
DA:76,0
DA:77,0
DA:80,0
DA:81,0
DA:82,0
DA:84,0
DA:86,0
DA:96,0
DA:106,0
DA:110,0
DA:111,0
DA:112,0
DA:113,0
DA:115,0
DA:119,1
LF:54
LH:9
BRDA:25,0,0,0
BRDA:25,0,1,0
BRDA:39,1,0,0
BRDA:39,1,1,0
BRF:4
BRH:0
end_of_record
TN:
SF:routes\loginRoute.js
FN:4,route
FN:7,(anonymous_1)
FN:30,(anonymous_2)
FN:59,createID
FNF:4
FNH:2
FNDA:1,route
FNDA:2,(anonymous_1)
FNDA:0,(anonymous_2)
FNDA:0,createID
DA:1,1
DA:2,1
DA:7,1
DA:8,2
DA:9,0
DA:12,2
DA:14,2
DA:15,2
DA:16,2
DA:17,2
DA:19,2
DA:20,1
DA:21,1
DA:23,1
DA:25,1
DA:30,1
DA:31,0
DA:32,0
DA:35,0
DA:38,0
DA:40,0
DA:41,0
DA:43,0
DA:44,0
DA:46,0
DA:54,0
DA:60,0
DA:61,0
DA:62,0
DA:63,0
DA:65,0
DA:67,1
LF:32
LH:16
BRDA:8,0,0,0
BRDA:8,0,1,2
BRDA:19,1,0,1
BRDA:19,1,1,1
BRDA:31,2,0,0
BRDA:31,2,1,0
BRDA:43,3,0,0
BRDA:43,3,1,0
BRF:8
BRH:3
end_of_record
TN:
SF:routes\profileRoute.js
FN:11,(anonymous_0)
FN:14,(anonymous_1)
FN:22,route
FN:25,(anonymous_3)
FN:62,(anonymous_4)
FN:73,(anonymous_5)
FN:112,(anonymous_6)
FN:146,(anonymous_7)
FN:171,(anonymous_8)
FN:261,(anonymous_9)
FN:284,(anonymous_10)
FN:299,(anonymous_11)
FN:312,(anonymous_12)
FN:341,(anonymous_13)
FN:370,(anonymous_14)
FN:403,(anonymous_15)
FN:419,(anonymous_16)
FN:447,(anonymous_17)
FN:451,(anonymous_18)
FN:462,(anonymous_19)
FN:479,(anonymous_20)
FN:485,(anonymous_21)
FN:491,(anonymous_22)
FN:497,(anonymous_23)
FN:503,(anonymous_24)
FNF:25
FNH:1
FNDA:0,(anonymous_0)
FNDA:0,(anonymous_1)
FNDA:1,route
FNDA:0,(anonymous_3)
FNDA:0,(anonymous_4)
FNDA:0,(anonymous_5)
FNDA:0,(anonymous_6)
FNDA:0,(anonymous_7)
FNDA:0,(anonymous_8)
FNDA:0,(anonymous_9)
FNDA:0,(anonymous_10)
FNDA:0,(anonymous_11)
FNDA:0,(anonymous_12)
FNDA:0,(anonymous_13)
FNDA:0,(anonymous_14)
FNDA:0,(anonymous_15)
FNDA:0,(anonymous_16)
FNDA:0,(anonymous_17)
FNDA:0,(anonymous_18)
FNDA:0,(anonymous_19)
FNDA:0,(anonymous_20)
FNDA:0,(anonymous_21)
FNDA:0,(anonymous_22)
FNDA:0,(anonymous_23)
FNDA:0,(anonymous_24)
DA:1,1
DA:2,1
DA:3,1
DA:4,1
DA:5,1
DA:6,1
DA:8,1
DA:10,1
DA:12,0
DA:15,0
DA:16,0
DA:20,1
DA:25,1
DA:26,0
DA:27,0
DA:30,0
DA:31,0
DA:32,0
DA:34,0
DA:35,0
DA:38,0
DA:46,0
DA:47,0
DA:55,0
DA:56,0
DA:58,0
DA:62,1
DA:63,0
DA:64,0
DA:67,0
DA:69,0
DA:72,0
DA:73,0
DA:76,0
DA:77,0
DA:78,0
DA:81,0
DA:82,0
DA:83,0
DA:95,0
DA:96,0
DA:105,0
DA:106,0
DA:108,0
DA:112,1
DA:113,0
DA:114,0
DA:117,0
DA:121,0
DA:122,0
DA:123,0
DA:124,0
DA:125,0
DA:135,0
DA:139,0
DA:140,0
DA:142,0
DA:146,1
DA:147,0
DA:148,0
DA:149,0
DA:153,0
DA:154,0
DA:155,0
DA:156,0
DA:159,0
DA:166,0
DA:167,0
DA:171,1
DA:172,0
DA:173,0
DA:174,0
DA:177,0
DA:178,0
DA:179,0
DA:180,0
DA:183,0
DA:186,0
DA:189,0
DA:192,0
DA:199,0
DA:206,0
DA:215,0
DA:227,0
DA:228,0
DA:229,0
DA:243,0
DA:244,0
DA:252,0
DA:253,0
DA:254,0
DA:255,0
DA:257,0
DA:261,1
DA:262,0
DA:265,0
DA:268,0
DA:271,0
DA:274,0
DA:275,0
DA:276,0
DA:278,0
DA:280,0
DA:284,1
DA:285,0
DA:286,0
DA:289,0
DA:293,0
DA:295,0
DA:299,1
DA:300,0
DA:301,0
DA:304,0
DA:306,0
DA:308,0
DA:312,1
DA:313,0
DA:314,0
DA:315,0
DA:318,0
DA:321,0
DA:322,0
DA:331,0
DA:332,0
DA:337,0
DA:341,1
DA:342,0
DA:343,0
DA:344,0
DA:347,0
DA:348,0
DA:349,0
DA:350,0
DA:352,0
DA:353,0
DA:356,0
DA:364,0
DA:366,0
DA:370,1
DA:371,0
DA:372,0
DA:373,0
DA:374,0
DA:377,0
DA:378,0
DA:379,0
DA:380,0
DA:382,0
DA:384,0
DA:394,0
DA:396,0
DA:397,0
DA:399,0
DA:403,1
DA:404,0
DA:407,0
DA:408,0
DA:409,0
DA:411,0
DA:412,0
DA:413,0
DA:415,0
DA:419,1
DA:422,0
DA:423,0
DA:425,0
DA:426,0
DA:428,0
DA:430,0
DA:437,0
DA:442,0
DA:447,1
DA:449,0
DA:450,0
DA:451,0
DA:455,0
DA:457,0
DA:458,0
DA:462,1
DA:463,0
DA:464,0
DA:467,0
DA:469,0
DA:471,0
DA:472,0
DA:474,0
DA:479,1
DA:480,0
DA:481,0
DA:485,1
DA:486,0
DA:487,0
DA:491,1
DA:492,0
DA:493,0
DA:497,1
DA:498,0
DA:499,0
DA:503,1
DA:504,0
DA:505,0
DA:509,1
LF:202
LH:30
BRDA:26,0,0,0
BRDA:26,0,1,0
BRDA:46,1,0,0
BRDA:46,1,1,0
BRDA:63,2,0,0
BRDA:63,2,1,0
BRDA:95,3,0,0
BRDA:95,3,1,0
BRDA:243,4,0,0
BRDA:243,4,1,0
BRDA:243,5,0,0
BRDA:243,5,1,0
BRDA:352,6,0,0
BRDA:352,6,1,0
BRDA:382,7,0,0
BRDA:382,7,1,0
BRDA:471,8,0,0
BRDA:471,8,1,0
BRF:18
BRH:0
end_of_record
